<?xml version="1.0" encoding="UTF-8"?>
<!-- Generated by org.testng.reporters.JUnitXMLReporter -->
<testsuite ignored="4" hostname="mahesh-X555LF" failures="0" tests="5" name="Test" time="48.855" errors="0" timestamp="2023-04-05T20:12:19 IST">
  <testcase classname="Test_Cases.Test1" name="verify_login" time="8.854"/>
  <testcase classname="Test_Cases.test_2" name="Verify_MObile_list_canbe_Sorted" time="2.768"/>
  <testcase classname="Test_Cases.test_3" name="Verify_UI" time="0.052"/>
  <testcase classname="Test_Cases.test_4" name="Verify_ListOfElements" time="2.405"/>
  <testcase classname="Test_Cases.DummyFailtestcase" name="verify_login" time="0.074"/>
  <testcase classname="com.Utility.baseClass" name="@BeforeSuite BS" time="0.0">
    <ignored/>
  </testcase> <!-- @BeforeSuite BS -->
  <testcase classname="com.Utility.baseClass" name="@BeforeSuite BS" time="0.0">
    <ignored/>
  </testcase> <!-- @BeforeSuite BS -->
  <testcase classname="com.Utility.baseClass" name="@BeforeSuite BS" time="0.0">
    <ignored/>
  </testcase> <!-- @BeforeSuite BS -->
  <testcase classname="com.Utility.baseClass" name="@BeforeSuite BS" time="0.0">
    <ignored/>
  </testcase> <!-- @BeforeSuite BS -->
</testsuite> <!-- Test -->
