<?xml version="1.0" encoding="UTF-8"?>
<testng-results ignored="0" total="1" passed="1" failed="0" skipped="0">
  <reporter-output>
  </reporter-output>
  <suite started-at="2023-04-10T09:12:28 IST" name="Default suite" finished-at="2023-04-10T09:12:47 IST" duration-ms="18696">
    <groups>
    </groups>
    <test started-at="2023-04-10T09:12:28 IST" name="Default test" finished-at="2023-04-10T09:12:47 IST" duration-ms="18696">
      <class name="Test_Cases.Test1">
        <test-method is-config="true" signature="BS()[pri:0, instance:Test_Cases.Test1@2ea227af]" started-at="2023-04-10T09:12:28 IST" name="BS" finished-at="2023-04-10T09:12:28 IST" duration-ms="108" status="PASS">
          <reporter-output>
          </reporter-output>
        </test-method> <!-- BS -->
        <test-method is-config="true" signature="BM()[pri:0, instance:Test_Cases.Test1@2ea227af]" started-at="2023-04-10T09:12:28 IST" name="BM" finished-at="2023-04-10T09:12:38 IST" duration-ms="10183" status="PASS">
          <reporter-output>
          </reporter-output>
        </test-method> <!-- BM -->
        <test-method signature="verify_login()[pri:0, instance:Test_Cases.Test1@2ea227af]" started-at="2023-04-10T09:12:38 IST" name="verify_login" finished-at="2023-04-10T09:12:47 IST" duration-ms="8463" status="PASS">
          <reporter-output>
          </reporter-output>
        </test-method> <!-- verify_login -->
      </class> <!-- Test_Cases.Test1 -->
    </test> <!-- Default test -->
  </suite> <!-- Default suite -->
</testng-results>
